d:\code\trampolinehook\trampolinehook\trampolinehook\debug\trampolinehook.pch
d:\code\trampolinehook\trampolinehook\trampolinehook\debug\vc143.pdb
d:\code\trampolinehook\trampolinehook\trampolinehook\debug\vc143.idb
d:\code\trampolinehook\trampolinehook\trampolinehook\debug\pch.obj
d:\code\trampolinehook\trampolinehook\trampolinehook\debug\setuphooksandnops.obj
d:\code\trampolinehook\trampolinehook\trampolinehook\debug\memory.obj
d:\code\trampolinehook\trampolinehook\trampolinehook\debug\mainhackloop.obj
d:\code\trampolinehook\trampolinehook\trampolinehook\debug\dllmain.obj
d:\code\detourhook\trampolinehook\trampolinehook\debug\trampolinehook.pch
d:\code\detourhook\trampolinehook\trampolinehook\debug\vc143.pdb
d:\code\detourhook\trampolinehook\trampolinehook\debug\vc143.idb
d:\code\detourhook\trampolinehook\trampolinehook\debug\pch.obj
d:\code\detourhook\trampolinehook\trampolinehook\debug\setuphooksandnops.obj
d:\code\detourhook\trampolinehook\trampolinehook\debug\memory.obj
d:\code\detourhook\trampolinehook\trampolinehook\debug\mainhackloop.obj
d:\code\detourhook\trampolinehook\trampolinehook\debug\infammo.obj
d:\code\detourhook\trampolinehook\trampolinehook\debug\dllmain.obj
d:\code\trampolinehook\trampolinehook\debug\trampolinehook.dll
d:\code\trampolinehook\trampolinehook\debug\trampolinehook.pdb
d:\code\trampolinehook\trampolinehook\trampolinehook\debug\trampolinehook.ilk
d:\code\detourhook\trampolinehook\debug\trampolinehook.pdb
d:\code\detourhook\trampolinehook\trampolinehook\debug\trampolinehook.tlog\cl.command.1.tlog
d:\code\detourhook\trampolinehook\trampolinehook\debug\trampolinehook.tlog\cl.items.tlog
d:\code\detourhook\trampolinehook\trampolinehook\debug\trampolinehook.tlog\cl.read.1.tlog
d:\code\detourhook\trampolinehook\trampolinehook\debug\trampolinehook.tlog\cl.write.1.tlog
d:\code\detourhook\trampolinehook\trampolinehook\debug\trampolinehook.tlog\link-cvtres.read.1.tlog
d:\code\detourhook\trampolinehook\trampolinehook\debug\trampolinehook.tlog\link-cvtres.write.1.tlog
d:\code\detourhook\trampolinehook\trampolinehook\debug\trampolinehook.tlog\link-rc.read.1.tlog
d:\code\detourhook\trampolinehook\trampolinehook\debug\trampolinehook.tlog\link-rc.write.1.tlog
d:\code\detourhook\trampolinehook\trampolinehook\debug\trampolinehook.tlog\link.command.1.tlog
d:\code\detourhook\trampolinehook\trampolinehook\debug\trampolinehook.tlog\link.read.1.tlog
d:\code\detourhook\trampolinehook\trampolinehook\debug\trampolinehook.tlog\link.secondary.1.tlog
d:\code\detourhook\trampolinehook\trampolinehook\debug\trampolinehook.tlog\link.write.1.tlog
